0 info it worked if it ends with ok
1 verbose cli [ 'node', '/usr/local/bin/npm', 'install' ]
2 info using npm@1.4.3
3 info using node@v0.10.26
4 warn package.json public@0.0.0 No description
5 warn package.json public@0.0.0 No repository field.
6 warn package.json public@0.0.0 No README data
7 verbose readDependencies using package.json deps
8 verbose install where, deps [ '/Users/carlos.silva/Documents/Workspace/Pessoal/Randomic/src',
8 verbose install   [ 'grunt',
8 verbose install     'grunt-contrib-copy',
8 verbose install     'grunt-contrib-concat',
8 verbose install     'grunt-contrib-coffee',
8 verbose install     'grunt-contrib-uglify',
8 verbose install     'grunt-contrib-compass',
8 verbose install     'grunt-contrib-jshint',
8 verbose install     'grunt-contrib-cssmin',
8 verbose install     'grunt-contrib-connect',
8 verbose install     'grunt-contrib-clean',
8 verbose install     'grunt-contrib-htmlmin',
8 verbose install     'grunt-contrib-imagemin',
8 verbose install     'grunt-contrib-watch',
8 verbose install     'grunt-autoprefixer',
8 verbose install     'grunt-usemin',
8 verbose install     'grunt-svgmin',
8 verbose install     'grunt-rev',
8 verbose install     'grunt-open',
8 verbose install     'grunt-concurrent',
8 verbose install     'load-grunt-tasks',
8 verbose install     'connect-livereload',
8 verbose install     'grunt-google-cdn',
8 verbose install     'grunt-ngmin',
8 verbose install     'time-grunt',
8 verbose install     'karma-ng-scenario',
8 verbose install     'grunt-karma',
8 verbose install     'karma-script-launcher',
8 verbose install     'karma-firefox-launcher',
8 verbose install     'karma-chrome-launcher',
8 verbose install     'karma-html2js-preprocessor',
8 verbose install     'karma-jasmine',
8 verbose install     'karma-requirejs',
8 verbose install     'karma-coffee-preprocessor',
8 verbose install     'karma-phantomjs-launcher',
8 verbose install     'karma',
8 verbose install     'karma-ng-html2js-preprocessor',
8 verbose install     'grunt-connect-proxy' ] ]
9 info preinstall public@0.0.0
10 verbose readDependencies using package.json deps
11 verbose already installed skipping grunt-contrib-concat@~0.3.0 /Users/carlos.silva/Documents/Workspace/Pessoal/Randomic/src
12 verbose already installed skipping grunt-contrib-copy@~0.4.1 /Users/carlos.silva/Documents/Workspace/Pessoal/Randomic/src
13 verbose already installed skipping grunt-contrib-coffee@~0.7.0 /Users/carlos.silva/Documents/Workspace/Pessoal/Randomic/src
14 verbose already installed skipping grunt-contrib-uglify@~0.2.0 /Users/carlos.silva/Documents/Workspace/Pessoal/Randomic/src
15 verbose already installed skipping grunt-contrib-compass@~0.5.0 /Users/carlos.silva/Documents/Workspace/Pessoal/Randomic/src
16 verbose already installed skipping grunt-contrib-jshint@~0.6.0 /Users/carlos.silva/Documents/Workspace/Pessoal/Randomic/src
17 verbose already installed skipping grunt-contrib-cssmin@~0.6.0 /Users/carlos.silva/Documents/Workspace/Pessoal/Randomic/src
18 verbose already installed skipping grunt-contrib-connect@~0.3.0 /Users/carlos.silva/Documents/Workspace/Pessoal/Randomic/src
19 verbose already installed skipping grunt-contrib-clean@~0.5.0 /Users/carlos.silva/Documents/Workspace/Pessoal/Randomic/src
20 verbose already installed skipping grunt-contrib-htmlmin@~0.1.3 /Users/carlos.silva/Documents/Workspace/Pessoal/Randomic/src
21 verbose already installed skipping grunt-contrib-imagemin@~0.2.0 /Users/carlos.silva/Documents/Workspace/Pessoal/Randomic/src
22 verbose already installed skipping grunt-contrib-watch@~0.5.2 /Users/carlos.silva/Documents/Workspace/Pessoal/Randomic/src
23 verbose already installed skipping grunt-autoprefixer@~0.2.0 /Users/carlos.silva/Documents/Workspace/Pessoal/Randomic/src
24 verbose already installed skipping grunt-usemin@~0.1.11 /Users/carlos.silva/Documents/Workspace/Pessoal/Randomic/src
25 verbose already installed skipping grunt-svgmin@~0.2.0 /Users/carlos.silva/Documents/Workspace/Pessoal/Randomic/src
26 verbose already installed skipping grunt-rev@~0.1.0 /Users/carlos.silva/Documents/Workspace/Pessoal/Randomic/src
27 verbose already installed skipping grunt-open@~0.2.0 /Users/carlos.silva/Documents/Workspace/Pessoal/Randomic/src
28 verbose already installed skipping grunt-concurrent@~0.3.0 /Users/carlos.silva/Documents/Workspace/Pessoal/Randomic/src
29 verbose already installed skipping load-grunt-tasks@~0.1.0 /Users/carlos.silva/Documents/Workspace/Pessoal/Randomic/src
30 verbose already installed skipping connect-livereload@~0.2.0 /Users/carlos.silva/Documents/Workspace/Pessoal/Randomic/src
31 verbose already installed skipping grunt-google-cdn@~0.2.0 /Users/carlos.silva/Documents/Workspace/Pessoal/Randomic/src
32 verbose already installed skipping grunt-ngmin@~0.0.2 /Users/carlos.silva/Documents/Workspace/Pessoal/Randomic/src
33 verbose already installed skipping time-grunt@~0.1.0 /Users/carlos.silva/Documents/Workspace/Pessoal/Randomic/src
34 verbose already installed skipping karma-ng-scenario@~0.1.0 /Users/carlos.silva/Documents/Workspace/Pessoal/Randomic/src
35 verbose already installed skipping grunt-karma@~0.6.2 /Users/carlos.silva/Documents/Workspace/Pessoal/Randomic/src
36 verbose already installed skipping karma-script-launcher@~0.1.0 /Users/carlos.silva/Documents/Workspace/Pessoal/Randomic/src
37 verbose already installed skipping karma-firefox-launcher@~0.1.0 /Users/carlos.silva/Documents/Workspace/Pessoal/Randomic/src
38 verbose already installed skipping karma-chrome-launcher@~0.1.0 /Users/carlos.silva/Documents/Workspace/Pessoal/Randomic/src
39 verbose already installed skipping karma-html2js-preprocessor@~0.1.0 /Users/carlos.silva/Documents/Workspace/Pessoal/Randomic/src
40 verbose already installed skipping karma-jasmine@~0.1.3 /Users/carlos.silva/Documents/Workspace/Pessoal/Randomic/src
41 verbose already installed skipping karma-requirejs@~0.1.0 /Users/carlos.silva/Documents/Workspace/Pessoal/Randomic/src
42 verbose already installed skipping karma-coffee-preprocessor@~0.1.0 /Users/carlos.silva/Documents/Workspace/Pessoal/Randomic/src
43 verbose already installed skipping karma-phantomjs-launcher@~0.1.0 /Users/carlos.silva/Documents/Workspace/Pessoal/Randomic/src
44 verbose already installed skipping karma@~0.10.2 /Users/carlos.silva/Documents/Workspace/Pessoal/Randomic/src
45 verbose already installed skipping karma-ng-html2js-preprocessor@~0.1.0 /Users/carlos.silva/Documents/Workspace/Pessoal/Randomic/src
46 verbose already installed skipping grunt-connect-proxy@~0.1.6 /Users/carlos.silva/Documents/Workspace/Pessoal/Randomic/src
47 verbose already installed skipping grunt@~0.4.1 /Users/carlos.silva/Documents/Workspace/Pessoal/Randomic/src
48 silly resolved []
49 info build /Users/carlos.silva/Documents/Workspace/Pessoal/Randomic/src
50 verbose linkStuff [ false,
50 verbose linkStuff   false,
50 verbose linkStuff   false,
50 verbose linkStuff   '/Users/carlos.silva/Documents/Workspace/Pessoal/Randomic' ]
51 info linkStuff public@0.0.0
52 verbose linkBins public@0.0.0
53 verbose linkMans public@0.0.0
54 verbose rebuildBundles public@0.0.0
55 verbose rebuildBundles [ '.bin',
55 verbose rebuildBundles   'connect-livereload',
55 verbose rebuildBundles   'grunt',
55 verbose rebuildBundles   'grunt-autoprefixer',
55 verbose rebuildBundles   'grunt-concurrent',
55 verbose rebuildBundles   'grunt-connect-proxy',
55 verbose rebuildBundles   'grunt-contrib-clean',
55 verbose rebuildBundles   'grunt-contrib-coffee',
55 verbose rebuildBundles   'grunt-contrib-compass',
55 verbose rebuildBundles   'grunt-contrib-concat',
55 verbose rebuildBundles   'grunt-contrib-connect',
55 verbose rebuildBundles   'grunt-contrib-copy',
55 verbose rebuildBundles   'grunt-contrib-cssmin',
55 verbose rebuildBundles   'grunt-contrib-htmlmin',
55 verbose rebuildBundles   'grunt-contrib-imagemin',
55 verbose rebuildBundles   'grunt-contrib-jshint',
55 verbose rebuildBundles   'grunt-contrib-uglify',
55 verbose rebuildBundles   'grunt-contrib-watch',
55 verbose rebuildBundles   'grunt-google-cdn',
55 verbose rebuildBundles   'grunt-karma',
55 verbose rebuildBundles   'grunt-ngmin',
55 verbose rebuildBundles   'grunt-open',
55 verbose rebuildBundles   'grunt-rev',
55 verbose rebuildBundles   'grunt-svgmin',
55 verbose rebuildBundles   'grunt-usemin',
55 verbose rebuildBundles   'karma',
55 verbose rebuildBundles   'karma-chrome-launcher',
55 verbose rebuildBundles   'karma-coffee-preprocessor',
55 verbose rebuildBundles   'karma-firefox-launcher',
55 verbose rebuildBundles   'karma-html2js-preprocessor',
55 verbose rebuildBundles   'karma-jasmine',
55 verbose rebuildBundles   'karma-ng-html2js-preprocessor',
55 verbose rebuildBundles   'karma-ng-scenario',
55 verbose rebuildBundles   'karma-phantomjs-launcher',
55 verbose rebuildBundles   'karma-requirejs',
55 verbose rebuildBundles   'karma-script-launcher',
55 verbose rebuildBundles   'load-grunt-tasks',
55 verbose rebuildBundles   'time-grunt' ]
56 info install public@0.0.0
57 info postinstall public@0.0.0
58 info prepublish public@0.0.0
59 error peerinvalid The package karma-requirejs does not satisfy its siblings' peerDependencies requirements!
59 error peerinvalid Peer karma@0.10.10 wants karma-requirejs@~0.2.0
60 error System Darwin 13.1.0
61 error command "node" "/usr/local/bin/npm" "install"
62 error cwd /Users/carlos.silva/Documents/Workspace/Pessoal/Randomic/src
63 error node -v v0.10.26
64 error npm -v 1.4.3
65 error code EPEERINVALID
66 verbose exit [ 1, true ]
